<?xml version="1.0" encoding="UTF-8"?>
<!-- Generated by org.testng.reporters.JUnitReportReporter -->
<testsuite hostname="del1-lhp-n70265" failures="0" tests="3" name="com.testng.selenium.v2.LoginLogoutTest" time="26.555" errors="0" timestamp="2023-05-11T16:43:00 IST" skipped="0">
  <testcase classname="com.testng.selenium.v2.LoginLogoutTest" name="loginTest" time="5.198"/>
  <system-out/>
  <testcase classname="com.testng.selenium.v2.LoginLogoutTest" name="logoutTest" time="5.096"/>
  <system-out/>
  <testcase classname="com.testng.selenium.v2.LoginLogoutTest" name="userregister" time="16.261"/>
  <system-out/>
</testsuite> <!-- com.testng.selenium.v2.LoginLogoutTest -->
