<?xml version="1.0" encoding="UTF-8"?>
<!-- Generated by org.testng.reporters.JUnitReportReporter -->
<testsuite hostname="del1-lhp-n70265" failures="0" tests="3" name="com.testng.selenium.v2.LoginLogoutTest" time="29.347" errors="0" timestamp="2023-05-11T16:41:14 IST" skipped="0">
  <testcase classname="com.testng.selenium.v2.LoginLogoutTest" name="loginTest" time="5.284"/>
  <system-out/>
  <testcase classname="com.testng.selenium.v2.LoginLogoutTest" name="logoutTest" time="5.071"/>
  <system-out/>
  <testcase classname="com.testng.selenium.v2.LoginLogoutTest" name="userregister" time="18.992"/>
  <system-out/>
</testsuite> <!-- com.testng.selenium.v2.LoginLogoutTest -->
