<?xml version="1.0" encoding="UTF-8"?>
<!-- Generated by org.testng.reporters.JUnitReportReporter -->
<testsuite hostname="del1-lhp-n70265" failures="0" tests="2" name="com.testng.selenium.v2.LoginLogoutTest" time="10.293" errors="0" timestamp="2023-05-10T16:16:02 IST" skipped="0">
  <testcase classname="com.testng.selenium.v2.LoginLogoutTest" name="loginTest" time="5.225"/>
  <system-out/>
  <testcase classname="com.testng.selenium.v2.LoginLogoutTest" name="logoutTest" time="5.068"/>
  <system-out/>
</testsuite> <!-- com.testng.selenium.v2.LoginLogoutTest -->
