<?xml version="1.0" encoding="UTF-8"?>
<!-- Generated by org.testng.reporters.JUnitReportReporter -->
<testsuite hostname="del1-lhp-n70265" failures="0" tests="3" name="com.testng.selenium.v2.LoginLogoutTest" time="19.437" errors="0" timestamp="2023-05-11T17:17:16 IST" skipped="0">
  <testcase classname="com.testng.selenium.v2.LoginLogoutTest" name="loginTest" time="5.555"/>
  <system-out/>
  <testcase classname="com.testng.selenium.v2.LoginLogoutTest" name="logoutTest" time="5.173"/>
  <system-out/>
  <testcase classname="com.testng.selenium.v2.LoginLogoutTest" name="userregister" time="8.709"/>
  <system-out/>
</testsuite> <!-- com.testng.selenium.v2.LoginLogoutTest -->
